[  961547ms] [LOG] [Fast Refresh] rebuilding @ http://localhost:3000/_next/static/chunks/node_modules_next_dist_f3530cac._.js:2297
[  961559ms] [LOG] [Fast Refresh] done in 113ms @ http://localhost:3000/_next/static/chunks/node_modules_next_dist_f3530cac._.js:2297
[  962966ms] [LOG] [Fast Refresh] rebuilding @ http://localhost:3000/_next/static/chunks/node_modules_next_dist_f3530cac._.js:2297
[  963018ms] [LOG] [Fast Refresh] done in 154ms @ http://localhost:3000/_next/static/chunks/node_modules_next_dist_f3530cac._.js:2297
[  963521ms] [ERROR] Failed to load resource: the server responded with a status of 409 (Conflict) @ http://localhost:3000/api/matches/69eb111fc3da7957489d2da0/walkie/claim:0
[  964674ms] [INFO] [GV Walkie] RTC connection state {state: CONNECTING} @ http://localhost:3000/_next/static/chunks/node_modules_next_dist_f3530cac._.js:2297
[  964953ms] [WARNING] WebSocket connection to 'wss://107-151-220-161.edge.sd-rtn.com:4711/' failed: WebSocket is closed before the connection is established. @ http://localhost:3000/_next/static/chunks/node_modules_agora-rtc-sdk-ng_AgoraRTC_N-production_e51941cd.js:17567
[  965087ms] [INFO] [GV Walkie] RTC connection state {state: CONNECTED} @ http://localhost:3000/_next/static/chunks/node_modules_next_dist_f3530cac._.js:2297
[  965102ms] [INFO] [GV Walkie] RTC joined {channelName: gvrtc-69eb111fc3da7957489d2da0, userId: spectator-69eb111fc3da7957489d2da0-3dc4d966287c4357b2739f9a-15d6} @ http://localhost:3000/_next/static/chunks/node_modules_next_dist_f3530cac._.js:2297
[  965514ms] [WARNING] [GV Walkie] Walkie speaker start failed {stage: speaker-start, message: No umpire audio available.} @ http://localhost:3000/_next/static/chunks/node_modules_next_dist_f3530cac._.js:2297
[  974746ms] [INFO] [GV Walkie] Walkie speaker started {participantId: 3dc4d966287c4357b2739f9a, role: spectator, transmissionId: spectator:3dc4d966287c4357b2739f9a:1777014370629} @ http://localhost:3000/_next/static/chunks/node_modules_next_dist_f3530cac._.js:2297
[  974839ms] [LOG] {prefixChannelName: gvsig-69eb111fc3da7957489d2da0, optionsKey: withMessage, optionsValue: false} updateLastSubOrJoinOptionsCache---- @ http://localhost:3000/_next/static/chunks/node_modules_next_dist_f3530cac._.js:2297
[  974842ms] [LOG] {prefixChannelName: gvsig-69eb111fc3da7957489d2da0, optionsKey: withPresence, optionsValue: false} updateLastSubOrJoinOptionsCache---- @ http://localhost:3000/_next/static/chunks/node_modules_next_dist_f3530cac._.js:2297
[  974858ms] [LOG] {prefixChannelName: gvsig-69eb111fc3da7957489d2da0, optionsKey: beQuiet, optionsValue: true} updateLastSubOrJoinOptionsCache---- @ http://localhost:3000/_next/static/chunks/node_modules_next_dist_f3530cac._.js:2297
[  975076ms] [INFO] [GV Walkie] Walkie signaling cleaned up {channelName: gvsig-69eb111fc3da7957489d2da0} @ http://localhost:3000/_next/static/chunks/node_modules_next_dist_f3530cac._.js:2297
[  975130ms] [INFO] [GV Walkie] Signaling login starting {channelName: gvsig-69eb111fc3da7957489d2da0, userId: spectator-69eb111fc3da7957489d2da0-3dc4d966287c4357b2739f9a} @ http://localhost:3000/_next/static/chunks/node_modules_next_dist_f3530cac._.js:2297
[  975413ms] [LOG] {"key":"VID","value":{}} RTM setParameter @ http://localhost:3000/_next/static/chunks/node_modules_next_dist_f3530cac._.js:2297
[  975451ms] [LOG] {"key":"VID","value":{}} RTM setParameter @ http://localhost:3000/_next/static/chunks/node_modules_next_dist_f3530cac._.js:2297
[  975644ms] [LOG] {"key":"VID","value":{}} RTM setParameter @ http://localhost:3000/_next/static/chunks/node_modules_next_dist_f3530cac._.js:2297
[  975959ms] [INFO] [GV Walkie] Signaling login ready {channelName: gvsig-69eb111fc3da7957489d2da0, userId: spectator-69eb111fc3da7957489d2da0-3dc4d966287c4357b2739f9a} @ http://localhost:3000/_next/static/chunks/node_modules_next_dist_f3530cac._.js:2297
[  975992ms] [LOG] {prefixChannelName: gvsig-69eb111fc3da7957489d2da0, optionsKey: withMessage, optionsValue: true} updateLastSubOrJoinOptionsCache---- @ http://localhost:3000/_next/static/chunks/node_modules_next_dist_f3530cac._.js:2297
[  976152ms] [LOG] {prefixChannelName: gvsig-69eb111fc3da7957489d2da0, optionsKey: beQuiet, optionsValue: false} updateLastSubOrJoinOptionsCache---- @ http://localhost:3000/_next/static/chunks/node_modules_next_dist_f3530cac._.js:2297
[  976164ms] [LOG] {prefixChannelName: gvsig-69eb111fc3da7957489d2da0, optionsKey: withPresence, optionsValue: true} updateLastSubOrJoinOptionsCache---- @ http://localhost:3000/_next/static/chunks/node_modules_next_dist_f3530cac._.js:2297
[  976168ms] [INFO] [GV Walkie] Signaling subscribed {channelName: gvsig-69eb111fc3da7957489d2da0} @ http://localhost:3000/_next/static/chunks/node_modules_next_dist_f3530cac._.js:2297
[  976314ms] [INFO] [GV Walkie] Walkie signaling ready {channelName: gvsig-69eb111fc3da7957489d2da0, userId: spectator-69eb111fc3da7957489d2da0-3dc4d966287c4357b2739f9a, enabled: false} @ http://localhost:3000/_next/static/chunks/node_modules_next_dist_f3530cac._.js:2297
[  976365ms] [LOG] {prefixChannelName: gvsig-69eb111fc3da7957489d2da0, optionsKey: withMessage, optionsValue: true} updateLastSubOrJoinOptionsCache---- @ http://localhost:3000/_next/static/chunks/node_modules_next_dist_f3530cac._.js:2297
[  978323ms] [LOG] {prefixChannelName: gvsig-69eb111fc3da7957489d2da0, optionsKey: withMessage, optionsValue: false} updateLastSubOrJoinOptionsCache---- @ http://localhost:3000/_next/static/chunks/node_modules_next_dist_f3530cac._.js:2297
[  978325ms] [LOG] {prefixChannelName: gvsig-69eb111fc3da7957489d2da0, optionsKey: withPresence, optionsValue: false} updateLastSubOrJoinOptionsCache---- @ http://localhost:3000/_next/static/chunks/node_modules_next_dist_f3530cac._.js:2297
[  978338ms] [LOG] {prefixChannelName: gvsig-69eb111fc3da7957489d2da0, optionsKey: beQuiet, optionsValue: true} updateLastSubOrJoinOptionsCache---- @ http://localhost:3000/_next/static/chunks/node_modules_next_dist_f3530cac._.js:2297
[  978350ms] [INFO] [GV Walkie] RTC connection state {state: CONNECTING} @ http://localhost:3000/_next/static/chunks/node_modules_next_dist_f3530cac._.js:2297
[  978674ms] [INFO] [GV Walkie] Walkie signaling cleaned up {channelName: gvsig-69eb111fc3da7957489d2da0} @ http://localhost:3000/_next/static/chunks/node_modules_next_dist_f3530cac._.js:2297
[  978762ms] [INFO] [GV Walkie] Signaling login starting {channelName: gvsig-69eb111fc3da7957489d2da0, userId: spectator-69eb111fc3da7957489d2da0-3dc4d966287c4357b2739f9a} @ http://localhost:3000/_next/static/chunks/node_modules_next_dist_f3530cac._.js:2297
[  978866ms] [WARNING] WebSocket connection to 'wss://107-151-220-161.edge.agora.io:4707/' failed: WebSocket is closed before the connection is established. @ http://localhost:3000/_next/static/chunks/node_modules_agora-rtc-sdk-ng_AgoraRTC_N-production_e51941cd.js:17567
[  978980ms] [LOG] {"key":"VID","value":{}} RTM setParameter @ http://localhost:3000/_next/static/chunks/node_modules_next_dist_f3530cac._.js:2297
[  979024ms] [LOG] {"key":"VID","value":{}} RTM setParameter @ http://localhost:3000/_next/static/chunks/node_modules_next_dist_f3530cac._.js:2297
[  979061ms] [LOG] {"key":"VID","value":{}} RTM setParameter @ http://localhost:3000/_next/static/chunks/node_modules_next_dist_f3530cac._.js:2297
[  979080ms] [INFO] [GV Walkie] RTC connection state {state: CONNECTED} @ http://localhost:3000/_next/static/chunks/node_modules_next_dist_f3530cac._.js:2297
[  979115ms] [INFO] [GV Walkie] RTC joined {channelName: gvrtc-69eb111fc3da7957489d2da0, userId: spectator-69eb111fc3da7957489d2da0-3dc4d966287c4357b2739f9a-15d6} @ http://localhost:3000/_next/static/chunks/node_modules_next_dist_f3530cac._.js:2297
[  979634ms] [INFO] [GV Walkie] Signaling login ready {channelName: gvsig-69eb111fc3da7957489d2da0, userId: spectator-69eb111fc3da7957489d2da0-3dc4d966287c4357b2739f9a} @ http://localhost:3000/_next/static/chunks/node_modules_next_dist_f3530cac._.js:2297
[  979734ms] [LOG] {prefixChannelName: gvsig-69eb111fc3da7957489d2da0, optionsKey: withMessage, optionsValue: true} updateLastSubOrJoinOptionsCache---- @ http://localhost:3000/_next/static/chunks/node_modules_next_dist_f3530cac._.js:2297
[  979892ms] [LOG] {prefixChannelName: gvsig-69eb111fc3da7957489d2da0, optionsKey: beQuiet, optionsValue: false} updateLastSubOrJoinOptionsCache---- @ http://localhost:3000/_next/static/chunks/node_modules_next_dist_f3530cac._.js:2297
[  979901ms] [LOG] {prefixChannelName: gvsig-69eb111fc3da7957489d2da0, optionsKey: withPresence, optionsValue: true} updateLastSubOrJoinOptionsCache---- @ http://localhost:3000/_next/static/chunks/node_modules_next_dist_f3530cac._.js:2297
[  979903ms] [INFO] [GV Walkie] Signaling subscribed {channelName: gvsig-69eb111fc3da7957489d2da0} @ http://localhost:3000/_next/static/chunks/node_modules_next_dist_f3530cac._.js:2297
[  979945ms] [INFO] [GV Walkie] Walkie signaling ready {channelName: gvsig-69eb111fc3da7957489d2da0, userId: spectator-69eb111fc3da7957489d2da0-3dc4d966287c4357b2739f9a, enabled: true} @ http://localhost:3000/_next/static/chunks/node_modules_next_dist_f3530cac._.js:2297
[  979946ms] [LOG] {prefixChannelName: gvsig-69eb111fc3da7957489d2da0, optionsKey: withMessage, optionsValue: true} updateLastSubOrJoinOptionsCache---- @ http://localhost:3000/_next/static/chunks/node_modules_next_dist_f3530cac._.js:2297
